2018-03-04 10:25:01,271 [Start Help Server] INFO  org.eclipse.jetty.util.log - Logging initialized @46258ms
2018-03-04 10:25:01,345 [Start Help Server] INFO  org.eclipse.jetty.server.Server - jetty-9.2.13.v20150730
2018-03-04 10:25:01,373 [Start Help Server] INFO  o.e.j.server.handler.ContextHandler - Started o.e.j.s.ServletContextHandler@42641c9b{/help,null,AVAILABLE}
2018-03-04 10:25:01,387 [Start Help Server] INFO  o.e.jetty.server.ServerConnector - Started ServerConnector@20e52a7b{HTTP/1.1}{127.0.0.1:52348}
2018-03-04 10:25:01,387 [Start Help Server] INFO  org.eclipse.jetty.server.Server - Started @46378ms
2018-03-04 10:29:17,516 [Worker-7] ERROR o.e.m.c.i.URLConnectionCaches - Unexpected URLConnection defaultUseCaches enabled
2018-03-04 10:29:20,854 [Worker-7] INFO  o.e.m.c.i.l.LifecycleMappingFactory - Using org.eclipse.m2e.jdt.JarLifecycleMapping lifecycle mapping for MavenProject: org.bfsip:eureka:0.0.1-SNAPSHOT @ D:\dev\workspace_bfsip\bfsip-eureka\pom.xml.
2018-03-04 10:29:23,724 [Worker-7] ERROR o.e.m.c.i.URLConnectionCaches - Unexpected URLConnection defaultUseCaches enabled
2018-03-04 10:29:24,025 [Worker-7] INFO  o.e.m.j.i.AbstractJavaProjectConfigurator - Adding source folder /bfsip-eureka/src/main/java
2018-03-04 10:29:24,026 [Worker-7] INFO  o.e.m.j.i.AbstractJavaProjectConfigurator - Adding resource folder /bfsip-eureka/src/main/resources
2018-03-04 10:29:24,033 [Worker-7] INFO  o.e.m.j.i.AbstractJavaProjectConfigurator - Adding resource folder /bfsip-eureka/src/main/resources
2018-03-04 10:29:24,036 [Worker-7] INFO  o.e.m.j.i.AbstractJavaProjectConfigurator - Adding source folder /bfsip-eureka/src/test/java
2018-03-04 10:29:25,491 [Worker-7] INFO  o.e.m.c.i.p.ProjectConfigurationManager - Imported and configured 1 project(s) in 8 sec
2018-03-04 10:29:32,837 [Worker-7] ERROR o.e.m.c.i.URLConnectionCaches - Unexpected URLConnection defaultUseCaches enabled
2018-03-04 10:29:32,856 [Worker-7] INFO  o.e.m.c.i.embedder.EclipseLogger - Using 'UTF-8' encoding to copy filtered resources.
2018-03-04 10:29:32,860 [Worker-7] INFO  o.e.m.c.i.embedder.EclipseLogger - Copying 1 resource
2018-03-04 10:29:32,869 [Worker-7] INFO  o.e.m.c.i.embedder.EclipseLogger - Copying 0 resource
2018-03-04 10:29:32,871 [Worker-7] INFO  o.e.m.c.i.embedder.EclipseLogger - Using 'UTF-8' encoding to copy filtered resources.
2018-03-04 10:29:32,871 [Worker-7] INFO  o.e.m.c.i.embedder.EclipseLogger - skip non existing resourceDirectory D:\dev\workspace_bfsip\bfsip-eureka\src\test\resources
2018-03-04 11:02:30,771 [Worker-29] ERROR o.e.m.c.i.URLConnectionCaches - Unexpected URLConnection defaultUseCaches enabled
2018-03-04 11:02:30,800 [Worker-29] INFO  o.e.m.c.i.embedder.EclipseLogger - Using 'UTF-8' encoding to copy filtered resources.
2018-03-04 11:02:30,802 [Worker-29] INFO  o.e.m.c.i.embedder.EclipseLogger - Copying 0 resource
2018-03-04 11:02:30,803 [Worker-29] INFO  o.e.m.c.i.embedder.EclipseLogger - Copying 0 resource
2018-03-04 11:02:30,804 [Worker-29] INFO  o.e.m.c.i.embedder.EclipseLogger - Using 'UTF-8' encoding to copy filtered resources.
2018-03-04 11:02:30,804 [Worker-29] INFO  o.e.m.c.i.embedder.EclipseLogger - skip non existing resourceDirectory D:\dev\workspace_bfsip\bfsip-eureka\src\test\resources
